2020-11-18 18:07:49,266 [DEBUG]  Including SPN with table_set {'flights'} with sampling ratio(1000000 / 1000000000.0)
2020-11-18 18:07:49,267 [INFO ]  Evaluating AQP query 0: SELECT year_date, SUM(distance) FROM flights WHERE unique_carrier='9E' GROUP BY year_date;
2020-11-18 18:07:49,270 [DEBUG]  		computed 22 group by statements in 0.001563776284456253 secs.
2020-11-18 18:07:49,271 [DEBUG]  		computed prototypical cardinality in 0.0007687434554100037 secs.
2020-11-18 18:07:49,272 [DEBUG]  		computed all cardinalities in 0.0014345943927764893 secs.
2020-11-18 18:07:49,272 [DEBUG]  		average_cardinality: 448409.0909090908
2020-11-18 18:07:49,279 [DEBUG]  		computed expectation in 0.006884980946779251 secs.
2020-11-18 18:07:49,279 [DEBUG]  		average expectation: 730.9607713077357 for [('flights', 'distance')]
2020-11-18 18:07:49,279 [INFO ]  		total_time:                     0.011306054890155792 secs
2020-11-18 18:07:49,280 [INFO ]  		predicted: [(1997.0, 289006936.19606674), (2003.0, 347993440.3333528), (2000.0, 302439533.53288144), (2006.0, 380794778.71279895), (2009.0, 346846718.8274378), (2015.0, 312623032.68867165), (2012.0, 330663122.5222335), (1996.0, 280756731.6458741), (1999.0, 294437459.4453453), (2002.0, 284783305.0539944), (2008.0, 372626595.36192197), (2005.0, 382567058.5289804), (2011.0, 324552592.0789585), (2014.0, 310432602.3147315), (1998.0, 286394092.54837143), (1995.0, 285106826.7156411), (2001.0, 312599870.45902795), (2004.0, 380216840.45137465), (2010.0, 344448245.4363222), (2007.0, 398317319.10128105), (2013.0, 339268121.68739897), (2016.0, 303982920.58352786)]
2020-11-18 18:07:49,280 [INFO ]  Evaluating AQP query 1: SELECT year_date, SUM(distance) FROM flights WHERE unique_carrier='AA' GROUP BY year_date;
2020-11-18 18:07:49,282 [DEBUG]  		computed 22 group by statements in 0.001222454011440277 secs.
2020-11-18 18:07:49,283 [DEBUG]  		computed prototypical cardinality in 0.0006018951535224915 secs.
2020-11-18 18:07:49,284 [DEBUG]  		computed all cardinalities in 0.001341652125120163 secs.
2020-11-18 18:07:49,284 [DEBUG]  		average_cardinality: 4894272.727272726
2020-11-18 18:07:49,291 [DEBUG]  		computed expectation in 0.006779950112104416 secs.
2020-11-18 18:07:49,291 [DEBUG]  		average expectation: 734.2808609451131 for [('flights', 'distance')]
2020-11-18 18:07:49,291 [INFO ]  		total_time:                     0.01055794209241867 secs
2020-11-18 18:07:49,292 [INFO ]  		predicted: [(1997.0, 3168602523.538104), (2003.0, 3815773969.6875143), (2000.0, 3316182450.430181), (2006.0, 4174611572.466151), (2009.0, 3802644834.4473205), (2015.0, 3427696721.9296875), (2012.0, 3625537879.269637), (1996.0, 3078010693.0120373), (1999.0, 3228389311.604557), (2002.0, 3122582334.43474), (2008.0, 4085733967.509009), (2005.0, 4194707026.85795), (2011.0, 3558305445.7621546), (2014.0, 3403665290.224134), (1998.0, 3140105857.8546467), (1995.0, 3126156674.903775), (2001.0, 3427639951.4945726), (2004.0, 4168813998.5835485), (2010.0, 3776720000.925175), (2007.0, 4367538147.52573), (2013.0, 3719708643.2418585), (2016.0, 3333065201.197661)]
2020-11-18 18:07:49,292 [INFO ]  Evaluating AQP query 2: SELECT year_date, SUM(distance) FROM flights WHERE unique_carrier='B6' GROUP BY year_date;
2020-11-18 18:07:49,294 [DEBUG]  		computed 22 group by statements in 0.0011950582265853882 secs.
2020-11-18 18:07:49,295 [DEBUG]  		computed prototypical cardinality in 0.0005728937685489655 secs.
2020-11-18 18:07:49,296 [DEBUG]  		computed all cardinalities in 0.0013256296515464783 secs.
2020-11-18 18:07:49,296 [DEBUG]  		average_cardinality: 916000.0
2020-11-18 18:07:49,303 [DEBUG]  		computed expectation in 0.006777536123991013 secs.
2020-11-18 18:07:49,303 [DEBUG]  		average expectation: 734.4927369549622 for [('flights', 'distance')]
2020-11-18 18:07:49,303 [INFO ]  		total_time:                     0.010475941002368927 secs
2020-11-18 18:07:49,303 [INFO ]  		predicted: [(1997.0, 593196999.8760391), (2003.0, 714360004.0706065), (2000.0, 620829238.1933196), (2006.0, 781528948.4360443), (2009.0, 711895466.541778), (2015.0, 641704320.6393656), (2012.0, 678742987.6234376), (1996.0, 576235572.0852598), (1999.0, 604392686.4621485), (2002.0, 584584926.6411045), (2008.0, 764898132.5911686), (2005.0, 785298939.3477408), (2011.0, 666153511.2939137), (2014.0, 637205182.9561148), (1998.0, 587863895.4587528), (1995.0, 585254407.1403459), (2001.0, 641696037.0647442), (2004.0, 780449985.816849), (2010.0, 707046471.2372332), (2007.0, 817656585.0829573), (2013.0, 696370733.555685), (2016.0, 623989414.8780873)]
2020-11-18 18:07:49,303 [INFO ]  Evaluating AQP query 3: SELECT year_date, SUM(distance) FROM flights WHERE unique_carrier='HA' GROUP BY year_date;
2020-11-18 18:07:49,306 [DEBUG]  		computed 22 group by statements in 0.0011906959116458893 secs.
2020-11-18 18:07:49,306 [DEBUG]  		computed prototypical cardinality in 0.0005292519927024841 secs.
2020-11-18 18:07:49,308 [DEBUG]  		computed all cardinalities in 0.001317981630563736 secs.
2020-11-18 18:07:49,308 [DEBUG]  		average_cardinality: 290909.0909090909
2020-11-18 18:07:49,315 [DEBUG]  		computed expectation in 0.00668749213218689 secs.
2020-11-18 18:07:49,315 [DEBUG]  		average expectation: 740.1848235937082 for [('flights', 'distance')]
2020-11-18 18:07:49,315 [INFO ]  		total_time:                     0.01032540574669838 secs
2020-11-18 18:07:49,315 [INFO ]  		predicted: [(1997.0, 189834667.53213784), (2003.0, 228655613.92914122), (2000.0, 198708778.98422801), (2006.0, 250071035.569111), (2009.0, 227810447.6237787), (2015.0, 205375506.33587533), (2012.0, 217234077.59433082), (1996.0, 184392624.20551404), (1999.0, 193442642.26233), (2002.0, 187107710.91752166), (2008.0, 244817447.90546465), (2005.0, 251344910.47307518), (2011.0, 213181055.70768842), (2014.0, 203934063.25841275), (1998.0, 188143174.75467366), (1995.0, 187324729.27139136), (2001.0, 205392852.7942198), (2004.0, 249780391.44961163), (2010.0, 226296346.54298744), (2007.0, 261715108.22493738), (2013.0, 222857819.4468711), (2016.0, 199716185.353951)]
2020-11-18 18:07:49,315 [INFO ]  Evaluating AQP query 4: SELECT year_date, SUM(distance) FROM flights WHERE unique_carrier='VX' GROUP BY year_date;
2020-11-18 18:07:49,318 [DEBUG]  		computed 22 group by statements in 0.0012322962284088135 secs.
2020-11-18 18:07:49,318 [DEBUG]  		computed prototypical cardinality in 0.0006299205124378204 secs.
2020-11-18 18:07:49,320 [DEBUG]  		computed all cardinalities in 0.0012932159006595612 secs.
2020-11-18 18:07:49,320 [DEBUG]  		average_cardinality: 101681.81818181818
2020-11-18 18:07:49,327 [DEBUG]  		computed expectation in 0.0067225173115730286 secs.
2020-11-18 18:07:49,327 [DEBUG]  		average expectation: 754.8160603064915 for [('flights', 'distance')]
2020-11-18 18:07:49,327 [INFO ]  		total_time:                     0.010517243295907974 secs
2020-11-18 18:07:49,327 [INFO ]  		predicted: [(1997.0, 67649979.94876476), (2003.0, 81525694.53957172), (2000.0, 70840247.99304278), (2006.0, 89086058.63616186), (2009.0, 81174162.4386716), (2015.0, 73203797.86413337), (2012.0, 77434628.21113595), (1996.0, 65698108.2687416), (1999.0, 68958138.75842953), (2002.0, 66704119.06328115), (2008.0, 87275041.21557918), (2005.0, 89600118.97404629), (2011.0, 75968756.50682324), (2014.0, 72688667.34313858), (1998.0, 67060752.441443995), (1995.0, 66783927.40280467), (2001.0, 73227809.62031737), (2004.0, 89031206.78030688), (2010.0, 80668183.0738924), (2007.0, 93309148.38994224), (2013.0, 79423131.90191853), (2016.0, 71195761.83499047)]
2020-11-18 18:07:49,327 [INFO ]  Evaluating AQP query 5: SELECT origin_state_abr, SUM(air_time) FROM flights WHERE dest='ABE' GROUP BY origin_state_abr;
2020-11-18 18:07:49,331 [DEBUG]  		computed 53 group by statements in 0.00253087654709816 secs.
2020-11-18 18:07:49,331 [DEBUG]  		computed prototypical cardinality in 0.0004962235689163208 secs.
2020-11-18 18:07:49,333 [DEBUG]  		computed all cardinalities in 0.0015565529465675354 secs.
2020-11-18 18:07:49,333 [DEBUG]  		average_cardinality: 14150.943396226417
2020-11-18 18:07:49,341 [DEBUG]  		computed expectation in 0.008328303694725037 secs.
2020-11-18 18:07:49,342 [DEBUG]  		average expectation: 1209.0195117497021 for [('flights', 'air_time')]
2020-11-18 18:07:49,342 [INFO ]  		total_time:                     0.013583783060312271 secs
2020-11-18 18:07:49,342 [INFO ]  		predicted: [('VT', 714168.3434049517), ('OR', 9614900.010005508), ('RI', 3134522.351856287), ('WY', 933807.6556753815), ('CO', 31398602.535468128), ('OH', 16783697.561943308), ('CT', 4283699.363040562), ('MD', 13774327.787981592), ('DE', 17101.948495459113), ('TX', 102885747.70584863), ('FL', 60776397.29033661), ('MN', 20501061.483426597), ('IN', 6718265.779130613), ('LA', 9752343.730091037), ('ND', 1488909.791722608), ('MO', 23766530.780261144), ('TN', 17764796.783482138), ('OK', 6165325.838036873), ('NH', 1933200.4665611363), ('MI', 24927196.77409406), ('SD', 1202310.0034604138), ('HI', 10399375.291390736), ('CA', 108593797.2303862), ('KS', 1548318.472356564), ('NM', 5279102.83218307), ('VA', 28328871.090833683), ('SC', 4823782.374520695), ('NV', 25425419.78432068), ('MS', 2257698.13090633), ('GA', 53862230.35956957), ('AR', 3856550.3222100534), ('ID', 2909334.6971312943), ('NY', 39440090.97219528), ('IA', 2621863.568548482), ('NE', 3467875.1351319975), ('NJ', 18633197.868753668), ('MT', 2532056.6527369325), ('MA', 16593788.667216059), ('WI', 6753936.836867886), ('ME', 1295922.5810852882), ('TT', 21051.604726146623), ('VI', 581190.7289507242), ('IL', 59634387.150587045), ('NC', 27598389.951798413), ('PA', 26634345.61942604), ('AL', 5199265.583821419), ('AZ', 29773378.857549593), ('WA', 17792124.076566104), ('UT', 16719077.86571155), ('WV', 440445.3275126441), ('AK', 6084393.88391212), ('PR', 3873376.750810627), ('KY', 15383691.034015508)]
2020-11-18 18:07:49,342 [INFO ]  Evaluating AQP query 6: SELECT origin_state_abr, SUM(air_time) FROM flights WHERE dest='ACK' GROUP BY origin_state_abr;
2020-11-18 18:07:49,345 [DEBUG]  		computed 53 group by statements in 0.00237109512090683 secs.
2020-11-18 18:07:49,346 [DEBUG]  		computed prototypical cardinality in 0.0004934445023536682 secs.
2020-11-18 18:07:49,348 [DEBUG]  		computed all cardinalities in 0.0015372373163700104 secs.
2020-11-18 18:07:49,348 [DEBUG]  		average_cardinality: 641.5205936666931
2020-11-18 18:07:49,356 [DEBUG]  		computed expectation in 0.008305612951517105 secs.
2020-11-18 18:07:49,356 [DEBUG]  		average expectation: 1216.5914254236404 for [('flights', 'air_time')]
2020-11-18 18:07:49,356 [INFO ]  		total_time:                     0.013376504182815552 secs
2020-11-18 18:07:49,357 [INFO ]  		predicted: [('VT', 32413.640656969776), ('OR', 438810.34243492543), ('RI', 142583.6204704076), ('WY', 42867.44045829524), ('CO', 1431335.5063230079), ('OH', 766824.5036427234), ('CT', 195109.676737272), ('MD', 627493.5727157178), ('DE', 1212.6563182961152), ('TX', 4691569.868155855), ('FL', 2771935.6990191163), ('MN', 935934.2790112034), ('IN', 306904.6174720333), ('LA', 445673.4875347153), ('ND', 68478.36027042082), ('MO', 1084321.0268537584), ('TN', 811005.8709539736), ('OK', 280701.823376462), ('NH', 88316.64891761944), ('MI', 1137024.8273163654), ('SD', 55213.91724518794), ('HI', 474739.57263449085), ('CA', 4955369.257153074), ('KS', 70645.58120121536), ('NM', 240783.24670835317), ('VA', 1292956.8322162249), ('SC', 220103.42255795086), ('NV', 1159345.618868282), ('MS', 103488.94144354772), ('GA', 2460959.805490254), ('AR', 175670.76264517955), ('ID', 132390.823480945), ('NY', 1798560.1497453018), ('IA', 119277.45936725725), ('NE', 158573.93135026662), ('NJ', 849608.2065992655), ('MT', 115604.4946432669), ('MA', 757574.972599602), ('WI', 308547.63323784265), ('ME', 58928.03698040568), ('TT', 1197.7903329080768), ('VI', 26695.55445967038), ('IL', 2718550.8863696246), ('NC', 1256728.743505458), ('PA', 1214497.3292997961), ('AL', 236950.59263310605), ('AZ', 1359269.7541145792), ('WA', 811408.3936440044), ('UT', 761738.649323396), ('WV', 20171.208483076603), ('AK', 277659.83958284964), ('PR', 176842.4868318677), ('KY', 701741.8329986722)]
2020-11-18 18:07:49,357 [INFO ]  Evaluating AQP query 7: SELECT origin_state_abr, SUM(air_time) FROM flights WHERE dest='BLI' GROUP BY origin_state_abr;
2020-11-18 18:07:49,360 [DEBUG]  		computed 53 group by statements in 0.00236419215798378 secs.
2020-11-18 18:07:49,361 [DEBUG]  		computed prototypical cardinality in 0.0005087628960609436 secs.
2020-11-18 18:07:49,363 [DEBUG]  		computed all cardinalities in 0.001645933836698532 secs.
2020-11-18 18:07:49,363 [DEBUG]  		average_cardinality: 754.7225447795474
2020-11-18 18:07:49,371 [DEBUG]  		computed expectation in 0.008180327713489532 secs.
2020-11-18 18:07:49,371 [DEBUG]  		average expectation: 1207.5249653037397 for [('flights', 'air_time')]
2020-11-18 18:07:49,371 [INFO ]  		total_time:                     0.013357233256101608 secs
2020-11-18 18:07:49,371 [INFO ]  		predicted: [('VT', 38080.15182104892), ('OR', 512113.128665681), ('RI', 167061.83484239678), ('WY', 49678.87717908498), ('CO', 1672750.1169069905), ('OH', 893745.678000972), ('CT', 228251.41320148215), ('MD', 733920.8287905302), ('DE', 1204.3071484434279), ('TX', 5480873.323878667), ('FL', 3237520.709625184), ('MN', 1091868.244744525), ('IN', 357763.36064763664), ('LA', 519296.6126537751), ('ND', 79180.68678160728), ('MO', 1265944.833142074), ('TN', 946139.5052548307), ('OK', 328537.07566529553), ('NH', 102946.52641780968), ('MI', 1327826.8297380563), ('SD', 63958.51000439498), ('HI', 553866.7361388591), ('CA', 5784133.522485488), ('KS', 82471.29142452011), ('NM', 281212.1990460357), ('VA', 1508849.3974486012), ('SC', 256937.41200237803), ('NV', 1354460.3359814002), ('MS', 120145.84488956588), ('GA', 2868192.4048514087), ('AR', 205487.50675473674), ('ID', 155048.17839887628), ('NY', 2101007.806701516), ('IA', 139735.2736101191), ('NE', 184636.68640023982), ('NJ', 992631.9204198532), ('MT', 134853.08211538795), ('MA', 883765.9009311616), ('WI', 359659.7960872745), ('ME', 69074.17656152071), ('TT', 1192.7247827733263), ('VI', 30915.97004395444), ('IL', 3176988.233391422), ('NC', 1470613.2930598792), ('PA', 1418855.7831157884), ('AL', 277003.76032923866), ('AZ', 1585697.4006877348), ('WA', 947791.1703713613), ('UT', 890800.0612475543), ('WV', 23442.96234145731), ('AK', 324075.1183728263), ('PR', 206289.95521417822), ('KY', 819453.8638851886)]
2020-11-18 18:07:49,371 [INFO ]  Evaluating AQP query 8: SELECT origin_state_abr, SUM(air_time) FROM flights WHERE dest='CHO' GROUP BY origin_state_abr;
2020-11-18 18:07:49,375 [DEBUG]  		computed 53 group by statements in 0.0022519975900650024 secs.
2020-11-18 18:07:49,375 [DEBUG]  		computed prototypical cardinality in 0.00048460066318511963 secs.
2020-11-18 18:07:49,377 [DEBUG]  		computed all cardinalities in 0.0015350878238677979 secs.
2020-11-18 18:07:49,377 [DEBUG]  		average_cardinality: 3811.3207547169814
2020-11-18 18:07:49,385 [DEBUG]  		computed expectation in 0.00814458355307579 secs.
2020-11-18 18:07:49,386 [DEBUG]  		average expectation: 1210.7156842615782 for [('flights', 'air_time')]
2020-11-18 18:07:49,386 [INFO ]  		total_time:                     0.01306489109992981 secs
2020-11-18 18:07:49,386 [INFO ]  		predicted: [('VT', 192399.9273334606), ('OR', 2593519.1370879817), ('RI', 844877.211376878), ('WY', 252217.33718071357), ('CO', 8467247.350370985), ('OH', 4528346.18107433), ('CT', 1154961.2218373285), ('MD', 3713954.72808369), ('DE', 4603.677336972619), ('TX', 27747049.693383336), ('FL', 16391387.874904208), ('MN', 5530340.475278234), ('IN', 1812571.5622883348), ('LA', 2631378.933530397), ('ND', 402318.81912341283), ('MO', 6410308.873704647), ('TN', 4792196.111010481), ('OK', 1662134.2419644785), ('NH', 521577.9887405815), ('MI', 6723030.627167856), ('SD', 324766.04152704927), ('HI', 2805292.0610538376), ('CA', 29291118.156727113), ('KS', 417619.5326282433), ('NM', 1423786.7127226728), ('VA', 7641507.768102075), ('SC', 1301102.3228107712), ('NV', 6856865.575390991), ('MS', 609590.5517478153), ('GA', 14532454.736447867), ('AR', 1039816.1621826958), ('ID', 784247.5784019346), ('NY', 10636651.316854225), ('IA', 706713.7650373825), ('NE', 935829.193769524), ('NJ', 5025067.080627074), ('MT', 683055.8484499184), ('MA', 4476345.163937515), ('WI', 1822213.4748738424), ('ME', 349274.10970582516), ('TT', 5628.4053859327005), ('VI', 156997.5158322526), ('IL', 16081658.798962956), ('NC', 7440621.786434655), ('PA', 7182931.524187609), ('AL', 1401999.9093103667), ('AZ', 8031664.615399433), ('WA', 4798443.198834646), ('UT', 4508071.921759097), ('WV', 118898.58540029317), ('AK', 1641170.9610752081), ('PR', 1044892.3258948519), ('KY', 4149127.3871669313)]
2020-11-18 18:07:49,386 [INFO ]  Evaluating AQP query 9: SELECT origin_state_abr, SUM(air_time) FROM flights WHERE dest='FAT' GROUP BY origin_state_abr;
2020-11-18 18:07:49,389 [DEBUG]  		computed 53 group by statements in 0.0023556873202323914 secs.
2020-11-18 18:07:49,390 [DEBUG]  		computed prototypical cardinality in 0.000576607882976532 secs.
2020-11-18 18:07:49,392 [DEBUG]  		computed all cardinalities in 0.00155552476644516 secs.
2020-11-18 18:07:49,392 [DEBUG]  		average_cardinality: 25264.150943396227
2020-11-18 18:07:49,400 [DEBUG]  		computed expectation in 0.008298102766275406 secs.
2020-11-18 18:07:49,400 [DEBUG]  		average expectation: 1202.4184713446748 for [('flights', 'air_time')]
2020-11-18 18:07:49,401 [INFO ]  		total_time:                     0.013435199856758118 secs
2020-11-18 18:07:49,401 [INFO ]  		predicted: [('VT', 1273723.5519718784), ('OR', 17065036.01218735), ('RI', 5579505.935125019), ('WY', 1648795.291307886), ('CO', 55784629.31834297), ('OH', 29759743.364589553), ('CT', 7616405.327291711), ('MD', 24486795.02999215), ('DE', 30595.81618588879), ('TX', 182744059.9297845), ('FL', 107931413.44703022), ('MN', 36376244.936575785), ('IN', 11913891.619056344), ('LA', 17288707.427305344), ('ND', 2624514.8111527273), ('MO', 42194105.82046267), ('TN', 31521465.472685676), ('OK', 10965719.025088996), ('NH', 3428121.0848502317), ('MI', 44263296.45479775), ('SD', 2122174.683041272), ('HI', 18453007.66064682), ('CA', 192761978.19412348), ('KS', 2748637.755740257), ('NM', 9374696.352639645), ('VA', 50277269.75869021), ('SC', 8563123.879975347), ('NV', 45161899.99049387), ('MS', 3991604.5683937017), ('GA', 95502641.86390632), ('AR', 6856370.908206502), ('ID', 5176931.523772963), ('NY', 70049449.29042783), ('IA', 4666492.435110367), ('NE', 6144495.759970271), ('NJ', 33098122.43467793), ('MT', 4492482.609064822), ('MA', 29442677.582654264), ('WI', 11976686.14660943), ('ME', 2307489.26000058), ('TT', 38654.54595389445), ('VI', 1025662.7243992458), ('IL', 105947948.6883408), ('NC', 49079996.672932826), ('PA', 47308319.255170494), ('AL', 9239485.903367285), ('AZ', 52827749.6606291), ('WA', 31598967.672352523), ('UT', 29718414.07461043), ('WV', 779325.4843573335), ('AK', 10799703.559558438), ('PR', 6872371.698471419), ('KY', 27315738.467930507)]
2020-11-18 18:07:49,401 [INFO ]  Evaluating AQP query 10: SELECT unique_carrier, AVG(dep_delay) FROM flights WHERE year_date=2005 AND origin='ATW' GROUP BY unique_carrier;
2020-11-18 18:07:49,404 [DEBUG]  		computed 26 group by statements in 0.0014089643955230713 secs.
2020-11-18 18:07:49,416 [DEBUG]  		computed expectation in 0.012034885585308075 secs.
2020-11-18 18:07:49,416 [DEBUG]  		average expectation: 1205.7918342066691 for [('flights', 'dep_delay')]
2020-11-18 18:07:49,416 [INFO ]  		total_time:                     0.013769213110208511 secs
2020-11-18 18:07:49,416 [INFO ]  		predicted: [('TZ', 1205.7944479509194), ('XE', 1205.790674810651), ('AA', 1205.7897693902542), ('CO', 1205.7913111697635), ('DL', 1205.7913840702342), ('US', 1205.7907512947495), ('F9', 1205.7894160550227), ('FL', 1205.7919719848655), ('MQ', 1205.791231617049), ('OH (1)', 1205.7923744673114), ('HP', 1205.7932871141895), ('TW', 1205.7910179492683), ('OO', 1205.7918658545266), ('VX', 1205.8023332493299), ('YV', 1205.7948652096263), ('UA', 1205.7918101817352), ('AS', 1205.79408182167), ('HA', 1205.7933825815032), ('NK', 1205.782422541973), ('EV', 1205.7898105742886), ('WN', 1205.792352664439), ('AQ', 1205.7932762003834), ('B6', 1205.7898990714702), ('NW', 1205.792706421956), ('9E', 1205.7877371509494), ('DH', 1205.7935079752667)]
2020-11-18 18:07:49,416 [INFO ]  Evaluating AQP query 11: SELECT unique_carrier, AVG(dep_delay) FROM flights WHERE year_date=2006 AND origin='BQK' GROUP BY unique_carrier;
2020-11-18 18:07:49,419 [DEBUG]  		computed 26 group by statements in 0.0014581866562366486 secs.
2020-11-18 18:07:49,431 [DEBUG]  		computed expectation in 0.011857673525810242 secs.
2020-11-18 18:07:49,431 [DEBUG]  		average expectation: 1205.8207507564146 for [('flights', 'dep_delay')]
2020-11-18 18:07:49,431 [INFO ]  		total_time:                     0.013638727366924286 secs
2020-11-18 18:07:49,431 [INFO ]  		predicted: [('TZ', 1205.8237706437524), ('XE', 1205.8194155296314), ('AA', 1205.8183687238043), ('CO', 1205.820150857397), ('DL', 1205.8202350744325), ('US', 1205.8195039263119), ('F9', 1205.8179600314998), ('FL', 1205.8209140939784), ('MQ', 1205.8200589505082), ('OH (1)', 1205.821378783284), ('HP', 1205.8224319966448), ('TW', 1205.8198120754626), ('OO', 1205.8207915382889), ('VX', 1205.83283475379), ('YV', 1205.8242515472407), ('UA', 1205.8207272455686), ('AS', 1205.8233485515977), ('HA', 1205.8225421286), ('NK', 1205.8098497337294), ('EV', 1205.818416353488), ('WN', 1205.8213536139965), ('AQ', 1205.822419405906), ('B6', 1205.8185186965245), ('NW', 1205.8217619445354), ('9E', 1205.8160166941313), ('DH', 1205.8226867726728)]
2020-11-18 18:07:49,431 [INFO ]  Evaluating AQP query 12: SELECT unique_carrier, AVG(dep_delay) FROM flights WHERE year_date=2007 AND origin='DEN' GROUP BY unique_carrier;
2020-11-18 18:07:49,434 [DEBUG]  		computed 26 group by statements in 0.001419954001903534 secs.
2020-11-18 18:07:49,446 [DEBUG]  		computed expectation in 0.011719614267349243 secs.
2020-11-18 18:07:49,446 [DEBUG]  		average expectation: 1205.7891612958774 for [('flights', 'dep_delay')]
2020-11-18 18:07:49,446 [INFO ]  		total_time:                     0.013474278151988983 secs
2020-11-18 18:07:49,446 [INFO ]  		predicted: [('TZ', 1205.7917348164212), ('XE', 1205.7880194011948), ('AA', 1205.7871279692602), ('CO', 1205.788645960368), ('DL', 1205.7887177398366), ('US', 1205.7880947060576), ('F9', 1205.786780107276), ('FL', 1205.7892966265267), ('MQ', 1205.7885676313392), ('OH (1)', 1205.7896929413487), ('HP', 1205.7905916415411), ('TW', 1205.788357252231), ('OO', 1205.789192124264), ('VX', 1205.7995024414458), ('YV', 1205.7921457478599), ('UA', 1205.7891373058026), ('AS', 1205.7913742483622), ('HA', 1205.7906856530649), ('NK', 1205.7798965802253), ('EV', 1205.7871685158677), ('WN', 1205.789671472315), ('AQ', 1205.7905808941982), ('B6', 1205.787255643701), ('NW', 1205.7900198169903), ('9E', 1205.785127319736), ('DH', 1205.7908091355798)]
2020-11-18 18:07:49,446 [INFO ]  Evaluating AQP query 13: SELECT unique_carrier, AVG(dep_delay) FROM flights WHERE year_date=2008 AND origin='MKE' GROUP BY unique_carrier;
2020-11-18 18:07:49,449 [DEBUG]  		computed 26 group by statements in 0.0015088170766830444 secs.
2020-11-18 18:07:49,461 [DEBUG]  		computed expectation in 0.012124627828598022 secs.
2020-11-18 18:07:49,462 [DEBUG]  		average expectation: 1205.7941259383206 for [('flights', 'dep_delay')]
2020-11-18 18:07:49,462 [INFO ]  		total_time:                     0.013972871005535126 secs
2020-11-18 18:07:49,462 [INFO ]  		predicted: [('TZ', 1205.7967738088623), ('XE', 1205.7929517054195), ('AA', 1205.7920344151887), ('CO', 1205.7935963791517), ('DL', 1205.793670230665), ('US', 1205.7930291900707), ('F9', 1205.7916764351778), ('FL', 1205.7942658040483), ('MQ', 1205.7935157882662), ('OH (1)', 1205.7946735182954), ('HP', 1205.7955979944043), ('TW', 1205.79329933032), ('OO', 1205.794158292605), ('VX', 1205.804758820959), ('YV', 1205.7971964325493), ('UA', 1205.794101895071), ('AS', 1205.7964029638886), ('HA', 1205.795694696378), ('NK', 1205.7845895277494), ('EV', 1205.7920761401472), ('WN', 1205.794651432247), ('AQ', 1205.7955869394189), ('B6', 1205.7921657993525), ('NW', 1205.7950097810333), ('9E', 1205.789975364018), ('DH', 1205.7958217110472)]
2020-11-18 18:07:49,462 [INFO ]  Evaluating AQP query 14: SELECT unique_carrier, AVG(dep_delay) FROM flights WHERE year_date=2009 AND origin='PHX' GROUP BY unique_carrier;
2020-11-18 18:07:49,465 [DEBUG]  		computed 26 group by statements in 0.0014942623674869537 secs.
2020-11-18 18:07:49,477 [DEBUG]  		computed expectation in 0.012249629944562912 secs.
2020-11-18 18:07:49,477 [DEBUG]  		average expectation: 1205.788789622609 for [('flights', 'dep_delay')]
2020-11-18 18:07:49,477 [INFO ]  		total_time:                     0.014082066714763641 secs
2020-11-18 18:07:49,477 [INFO ]  		predicted: [('TZ', 1205.7913575140526), ('XE', 1205.787650178299), ('AA', 1205.786760703792), ('CO', 1205.7882753660435), ('DL', 1205.7883469886306), ('US', 1205.7877253181407), ('F9', 1205.7864136076391), ('FL', 1205.7889246118402), ('MQ', 1205.7881972082653), ('OH (1)', 1205.789320063446), ('HP', 1205.7902168115395), ('TW', 1205.7879872893882), ('OO', 1205.7888203374362), ('VX', 1205.7991086590628), ('YV', 1205.7917675597062), ('UA', 1205.788765638542), ('AS', 1205.7909977245), ('HA', 1205.790310619288), ('NK', 1205.7795454644556), ('EV', 1205.7868011612068), ('WN', 1205.789298641137), ('AQ', 1205.7902060874974), ('B6', 1205.7868880974324), ('NW', 1205.7896462282072), ('9E', 1205.7847644740216), ('DH', 1205.7904338342712)]
2020-11-18 18:07:49,477 [INFO ]  Evaluating AQP query 15: SELECT dest_state_abr, AVG(taxi_out) FROM flights WHERE distance>=1500 AND distance<=2500 unique_carrier = 'AQ'  GROUP BY dest_state_abr;
2020-11-18 18:07:49,751 [DEBUG]  		computed 53 group by statements in 0.27219362929463387 secs.
2020-11-18 18:07:49,801 [DEBUG]  		computed expectation in 0.04949617385864258 secs.
2020-11-18 18:07:49,801 [DEBUG]  		average expectation: 17.11415417784964 for [('flights', 'taxi_out')]
2020-11-18 18:07:49,801 [INFO ]  		total_time:                     0.322069950401783 secs
2020-11-18 18:07:49,801 [INFO ]  		predicted: [('VT', 17.11415417784964), ('OR', 17.11415417784964), ('RI', 17.11415417784964), ('WY', 17.114154177849638), ('CO', 17.11415417784964), ('OH', 17.11415417784964), ('CT', 17.11415417784964), ('MD', 17.11415417784964), ('DE', 17.114154177849645), ('TX', 17.11415417784964), ('FL', 17.114154177849638), ('MN', 17.114154177849645), ('IN', 17.11415417784964), ('LA', 17.11415417784964), ('ND', 17.11415417784964), ('MO', 17.114154177849645), ('NH', 17.114154177849645), ('TN', 17.11415417784964), ('OK', 17.11415417784964), ('MI', 17.11415417784964), ('SD', 17.114154177849638), ('HI', 17.114154177849638), ('CA', 17.11415417784964), ('KS', 17.11415417784964), ('NM', 17.11415417784964), ('NV', 17.114154177849645), ('SC', 17.11415417784964), ('VA', 17.11415417784964), ('MS', 17.11415417784964), ('GA', 17.11415417784964), ('AR', 17.114154177849645), ('ID', 17.11415417784964), ('NY', 17.11415417784964), ('IA', 17.11415417784964), ('NE', 17.11415417784964), ('MT', 17.11415417784964), ('NJ', 17.11415417784964), ('MA', 17.114154177849645), ('WI', 17.114154177849645), ('ME', 17.11415417784964), ('TT', 17.11415417784964), ('VI', 17.114154177849645), ('IL', 17.11415417784964), ('AZ', 17.114154177849645), ('PA', 17.114154177849645), ('NC', 17.11415417784964), ('WA', 17.11415417784964), ('AL', 17.11415417784964), ('UT', 17.11415417784964), ('WV', 17.114154177849645), ('AK', 17.114154177849638), ('PR', 17.114154177849638), ('KY', 17.11415417784964)]
2020-11-18 18:07:49,801 [INFO ]  Evaluating AQP query 16: SELECT dest_state_abr, AVG(taxi_out) FROM flights WHERE distance>=2000 AND distance<=3000 unique_carrier = 'F9'  GROUP BY dest_state_abr;
2020-11-18 18:07:50,078 [DEBUG]  		computed 53 group by statements in 0.27466999366879463 secs.
2020-11-18 18:07:50,128 [DEBUG]  		computed expectation in 0.04995570331811905 secs.
2020-11-18 18:07:50,128 [DEBUG]  		average expectation: 17.11415417784964 for [('flights', 'taxi_out')]
2020-11-18 18:07:50,128 [INFO ]  		total_time:                     0.32506395503878593 secs
2020-11-18 18:07:50,128 [INFO ]  		predicted: [('VT', 17.11415417784964), ('OR', 17.114154177849638), ('RI', 17.11415417784964), ('WY', 17.11415417784964), ('CO', 17.11415417784964), ('OH', 17.114154177849638), ('CT', 17.11415417784964), ('MD', 17.114154177849645), ('DE', 17.11415417784964), ('TX', 17.114154177849645), ('FL', 17.11415417784964), ('MN', 17.114154177849638), ('IN', 17.114154177849638), ('LA', 17.114154177849638), ('ND', 17.11415417784964), ('MO', 17.11415417784964), ('NH', 17.114154177849638), ('TN', 17.114154177849645), ('OK', 17.11415417784964), ('MI', 17.11415417784964), ('SD', 17.11415417784964), ('HI', 17.11415417784964), ('CA', 17.11415417784964), ('KS', 17.11415417784964), ('NM', 17.11415417784964), ('NV', 17.11415417784964), ('SC', 17.114154177849638), ('VA', 17.11415417784964), ('MS', 17.114154177849638), ('GA', 17.11415417784964), ('AR', 17.11415417784964), ('ID', 17.11415417784964), ('NY', 17.11415417784964), ('IA', 17.11415417784964), ('NE', 17.114154177849638), ('MT', 17.114154177849638), ('NJ', 17.114154177849638), ('MA', 17.11415417784964), ('WI', 17.11415417784964), ('ME', 17.11415417784964), ('TT', 17.114154177849645), ('VI', 17.11415417784964), ('IL', 17.114154177849638), ('AZ', 17.11415417784964), ('PA', 17.11415417784964), ('NC', 17.11415417784964), ('WA', 17.11415417784964), ('AL', 17.114154177849645), ('UT', 17.11415417784964), ('WV', 17.11415417784964), ('AK', 17.11415417784964), ('PR', 17.11415417784964), ('KY', 17.11415417784964)]
2020-11-18 18:07:50,128 [INFO ]  Evaluating AQP query 17: SELECT dest_state_abr, AVG(taxi_out) FROM flights WHERE distance>=1500 AND distance<=2500 unique_carrier = 'NW'  GROUP BY dest_state_abr;
2020-11-18 18:07:50,405 [DEBUG]  		computed 53 group by statements in 0.2751057893037796 secs.
2020-11-18 18:07:50,455 [DEBUG]  		computed expectation in 0.049397118389606476 secs.
2020-11-18 18:07:50,455 [DEBUG]  		average expectation: 17.11415417784964 for [('flights', 'taxi_out')]
2020-11-18 18:07:50,455 [INFO ]  		total_time:                     0.32522425055503845 secs
2020-11-18 18:07:50,455 [INFO ]  		predicted: [('VT', 17.11415417784964), ('OR', 17.11415417784964), ('RI', 17.114154177849645), ('WY', 17.114154177849638), ('CO', 17.114154177849645), ('OH', 17.11415417784964), ('CT', 17.11415417784964), ('MD', 17.11415417784964), ('DE', 17.11415417784964), ('TX', 17.114154177849638), ('FL', 17.11415417784964), ('MN', 17.11415417784964), ('IN', 17.114154177849645), ('LA', 17.11415417784964), ('ND', 17.114154177849638), ('MO', 17.11415417784964), ('NH', 17.114154177849645), ('TN', 17.11415417784964), ('OK', 17.11415417784964), ('MI', 17.114154177849645), ('SD', 17.114154177849645), ('HI', 17.11415417784964), ('CA', 17.114154177849645), ('KS', 17.11415417784964), ('NM', 17.11415417784964), ('NV', 17.114154177849638), ('SC', 17.11415417784964), ('VA', 17.11415417784964), ('MS', 17.11415417784964), ('GA', 17.11415417784964), ('AR', 17.11415417784964), ('ID', 17.11415417784964), ('NY', 17.11415417784964), ('IA', 17.11415417784964), ('NE', 17.114154177849645), ('MT', 17.11415417784964), ('NJ', 17.114154177849638), ('MA', 17.114154177849645), ('WI', 17.114154177849645), ('ME', 17.114154177849638), ('TT', 17.11415417784964), ('VI', 17.11415417784964), ('IL', 17.11415417784964), ('AZ', 17.11415417784964), ('PA', 17.11415417784964), ('NC', 17.11415417784964), ('WA', 17.114154177849638), ('AL', 17.114154177849645), ('UT', 17.11415417784964), ('WV', 17.114154177849638), ('AK', 17.11415417784964), ('PR', 17.114154177849638), ('KY', 17.114154177849638)]
2020-11-18 18:07:50,455 [INFO ]  Evaluating AQP query 18: SELECT dest_state_abr, AVG(taxi_out) FROM flights WHERE distance>=2000 AND distance<=3000 unique_carrier = 'TZ'  GROUP BY dest_state_abr;
2020-11-18 18:07:50,727 [DEBUG]  		computed 53 group by statements in 0.2694653794169426 secs.
2020-11-18 18:07:50,774 [DEBUG]  		computed expectation in 0.047344010323286057 secs.
2020-11-18 18:07:50,774 [DEBUG]  		average expectation: 17.11415417784964 for [('flights', 'taxi_out')]
2020-11-18 18:07:50,774 [INFO ]  		total_time:                     0.31717246025800705 secs
2020-11-18 18:07:50,774 [INFO ]  		predicted: [('VT', 17.114154177849638), ('OR', 17.114154177849645), ('RI', 17.11415417784964), ('WY', 17.11415417784964), ('CO', 17.11415417784964), ('OH', 17.11415417784964), ('CT', 17.114154177849638), ('MD', 17.11415417784964), ('DE', 17.11415417784964), ('TX', 17.11415417784964), ('FL', 17.11415417784964), ('MN', 17.114154177849638), ('IN', 17.11415417784964), ('LA', 17.11415417784964), ('ND', 17.114154177849645), ('MO', 17.114154177849638), ('NH', 17.11415417784964), ('TN', 17.11415417784964), ('OK', 17.11415417784964), ('MI', 17.114154177849638), ('SD', 17.11415417784964), ('HI', 17.11415417784964), ('CA', 17.11415417784964), ('KS', 17.114154177849638), ('NM', 17.114154177849645), ('NV', 17.11415417784964), ('SC', 17.11415417784964), ('VA', 17.11415417784964), ('MS', 17.11415417784964), ('GA', 17.11415417784964), ('AR', 17.114154177849645), ('ID', 17.11415417784964), ('NY', 17.11415417784964), ('IA', 17.114154177849638), ('NE', 17.11415417784964), ('MT', 17.114154177849638), ('NJ', 17.11415417784964), ('MA', 17.114154177849645), ('WI', 17.11415417784964), ('ME', 17.114154177849638), ('TT', 17.114154177849638), ('VI', 17.11415417784964), ('IL', 17.11415417784964), ('AZ', 17.114154177849645), ('PA', 17.114154177849645), ('NC', 17.114154177849645), ('WA', 17.11415417784964), ('AL', 17.114154177849638), ('UT', 17.11415417784964), ('WV', 17.11415417784964), ('AK', 17.114154177849645), ('PR', 17.11415417784964), ('KY', 17.11415417784964)]
2020-11-18 18:07:50,775 [INFO ]  Evaluating AQP query 19: SELECT dest_state_abr, AVG(taxi_out) FROM flights WHERE distance>=1500 AND distance<=2500 unique_carrier = 'UA'  GROUP BY dest_state_abr;
2020-11-18 18:07:51,040 [DEBUG]  		computed 53 group by statements in 0.26420826092362404 secs.
2020-11-18 18:07:51,088 [DEBUG]  		computed expectation in 0.04725854471325874 secs.
2020-11-18 18:07:51,088 [DEBUG]  		average expectation: 17.11415417784964 for [('flights', 'taxi_out')]
2020-11-18 18:07:51,088 [INFO ]  		total_time:                     0.3118307329714298 secs
2020-11-18 18:07:51,088 [INFO ]  		predicted: [('VT', 17.114154177849645), ('OR', 17.11415417784964), ('RI', 17.114154177849645), ('WY', 17.11415417784964), ('CO', 17.11415417784964), ('OH', 17.114154177849638), ('CT', 17.11415417784964), ('MD', 17.114154177849638), ('DE', 17.11415417784964), ('TX', 17.11415417784964), ('FL', 17.11415417784964), ('MN', 17.11415417784964), ('IN', 17.11415417784964), ('LA', 17.11415417784964), ('ND', 17.114154177849645), ('MO', 17.114154177849638), ('NH', 17.11415417784964), ('TN', 17.11415417784964), ('OK', 17.114154177849645), ('MI', 17.11415417784964), ('SD', 17.11415417784964), ('HI', 17.11415417784964), ('CA', 17.114154177849645), ('KS', 17.11415417784964), ('NM', 17.11415417784964), ('NV', 17.114154177849638), ('SC', 17.11415417784964), ('VA', 17.11415417784964), ('MS', 17.11415417784964), ('GA', 17.11415417784964), ('AR', 17.11415417784964), ('ID', 17.114154177849645), ('NY', 17.11415417784964), ('IA', 17.114154177849638), ('NE', 17.11415417784964), ('MT', 17.114154177849638), ('NJ', 17.11415417784964), ('MA', 17.11415417784964), ('WI', 17.11415417784964), ('ME', 17.11415417784964), ('TT', 17.114154177849645), ('VI', 17.114154177849638), ('IL', 17.114154177849645), ('AZ', 17.114154177849645), ('PA', 17.114154177849638), ('NC', 17.11415417784964), ('WA', 17.114154177849638), ('AL', 17.114154177849645), ('UT', 17.114154177849645), ('WV', 17.11415417784964), ('AK', 17.11415417784964), ('PR', 17.11415417784964), ('KY', 17.114154177849645)]
2020-11-18 18:07:51,088 [INFO ]  Saving results to ../ssb-benchmark/results


starting evaluating ....
opening ensemble ...
opeing ensemble took 0.0812215805053711 seconds
buil_reverse_spn_dict took 0.00012922286987304688


diff is 0.08172202110290527


Traceback (most recent call last):
  File "maqp.py", line 228, in <module>
    evaluate_aqp_queries(args.ensemble_location, args.query_file_location, args.target_path, schema,
  File "/home/meghdad/deepdb-public-new/deepdb-public/evaluation/aqp_evaluation.py", line 188, in evaluate_aqp_queries
    save_csv(csv_rows, target_path)
  File "/home/meghdad/deepdb-public-new/deepdb-public/evaluation/utils.py", line 355, in save_csv
    w = csv.DictWriter(f, csv_rows[0].keys())
IndexError: list index out of range
