2020-11-18 17:01:00,665 [DEBUG]  Including SPN with table_set {'flights'} with sampling ratio(5000000 / 1000000000.0)
2020-11-18 17:01:00,666 [INFO ]  Evaluating AQP query 0: SELECT year_date, SUM(distance) FROM flights WHERE unique_carrier='9E' GROUP BY year_date;
2020-11-18 17:01:00,674 [DEBUG]  		computed 22 group by statements in 0.004187539219856262 secs.
2020-11-18 17:01:00,676 [DEBUG]  		computed prototypical cardinality in 0.0015944615006446838 secs.
2020-11-18 17:01:00,680 [DEBUG]  		computed all cardinalities in 0.003987140953540802 secs.
2020-11-18 17:01:00,680 [DEBUG]  		average_cardinality: 452090.9090909092
2020-11-18 17:01:00,700 [DEBUG]  		computed expectation in 0.019004512578248978 secs.
2020-11-18 17:01:00,700 [DEBUG]  		average expectation: 738.5971336171394 for [('flights', 'distance')]
2020-11-18 17:01:00,700 [INFO ]  		total_time:                     0.030110012739896774 secs
2020-11-18 17:01:00,700 [INFO ]  		predicted: [(1997.0, 296638743.10586166), (2003.0, 354608288.7300907), (2000.0, 305914199.22688776), (2006.0, 391201764.43203145), (2009.0, 353258984.661843), (2015.0, 318036796.48990047), (2012.0, 335914585.2034425), (1996.0, 288653715.9738288), (1999.0, 298008571.9367882), (2002.0, 290347826.5971081), (2008.0, 381015297.65200263), (2005.0, 388667615.78188324), (2011.0, 330782776.12099826), (2014.0, 313575177.4307035), (1998.0, 292588694.0137974), (1995.0, 289022876.69696444), (2001.0, 318274556.11918026), (2004.0, 387245359.8241795), (2010.0, 351245191.0054821), (2007.0, 404784117.6519598), (2013.0, 348783451.85003746), (2016.0, 307482506.868873)]
2020-11-18 17:01:00,701 [INFO ]  Evaluating AQP query 1: SELECT year_date, SUM(distance) FROM flights WHERE unique_carrier='AA' GROUP BY year_date;
2020-11-18 17:01:00,708 [DEBUG]  		computed 22 group by statements in 0.0037769898772239685 secs.
2020-11-18 17:01:00,709 [DEBUG]  		computed prototypical cardinality in 0.001415800303220749 secs.
2020-11-18 17:01:00,713 [DEBUG]  		computed all cardinalities in 0.0038447491824626923 secs.
2020-11-18 17:01:00,714 [DEBUG]  		average_cardinality: 4869236.363636363
2020-11-18 17:01:00,733 [DEBUG]  		computed expectation in 0.018841028213500977 secs.
2020-11-18 17:01:00,733 [DEBUG]  		average expectation: 736.7204997638913 for [('flights', 'distance')]
2020-11-18 17:01:00,733 [INFO ]  		total_time:                     0.02922849729657173 secs
2020-11-18 17:01:00,733 [INFO ]  		predicted: [(1997.0, 3186744646.984071), (2003.0, 3809568822.5146213), (2000.0, 3286482240.1354117), (2006.0, 4202644580.9988995), (2009.0, 3795081529.7323265), (2015.0, 3416753878.5267997), (2012.0, 3608736937.908994), (1996.0, 3101088426.2774296), (1999.0, 3201516856.6378083), (2002.0, 3119241901.509115), (2008.0, 4093291564.9581947), (2005.0, 4175551788.370864), (2011.0, 3553727529.3875947), (2014.0, 3368825854.9054832), (1998.0, 3143239595.165322), (1995.0, 3105056091.071379), (2001.0, 3419252951.8127484), (2004.0, 4160213076.555108), (2010.0, 3773473789.900461), (2007.0, 4348691691.048387), (2013.0, 3747001045.2108707), (2016.0, 3303286715.778296)]
2020-11-18 17:01:00,733 [INFO ]  Evaluating AQP query 2: SELECT year_date, SUM(distance) FROM flights WHERE unique_carrier='B6' GROUP BY year_date;
2020-11-18 17:01:00,741 [DEBUG]  		computed 22 group by statements in 0.00376780703663826 secs.
2020-11-18 17:01:00,742 [DEBUG]  		computed prototypical cardinality in 0.001320909708738327 secs.
2020-11-18 17:01:00,746 [DEBUG]  		computed all cardinalities in 0.0038601793348789215 secs.
2020-11-18 17:01:00,746 [DEBUG]  		average_cardinality: 909327.2727272727
2020-11-18 17:01:00,765 [DEBUG]  		computed expectation in 0.018853336572647095 secs.
2020-11-18 17:01:00,766 [DEBUG]  		average expectation: 736.7882240506581 for [('flights', 'distance')]
2020-11-18 17:01:00,766 [INFO ]  		total_time:                     0.029122244566679 secs
2020-11-18 17:01:00,766 [INFO ]  		predicted: [(1997.0, 595178093.7681353), (2003.0, 711500523.3622457), (2000.0, 613805137.7419264), (2006.0, 784914310.3240695), (2009.0, 708794723.5202746), (2015.0, 638135281.3372976), (2012.0, 673991851.3296363), (1996.0, 579179506.3399758), (1999.0, 597936671.3331809), (2002.0, 582570284.2428108), (2008.0, 764490266.3224913), (2005.0, 779853389.8498948), (2011.0, 663717103.8076082), (2014.0, 629183901.1583534), (1998.0, 587052767.4744644), (1995.0, 579920522.040342), (2001.0, 638602397.8356862), (2004.0, 776989030.6897849), (2010.0, 704758938.5350015), (2007.0, 812190156.2410306), (2013.0, 699814888.8936453), (2016.0, 616943950.5366809)]
2020-11-18 17:01:00,766 [INFO ]  Evaluating AQP query 3: SELECT year_date, SUM(distance) FROM flights WHERE unique_carrier='HA' GROUP BY year_date;
2020-11-18 17:01:00,773 [DEBUG]  		computed 22 group by statements in 0.0037378929555416107 secs.
2020-11-18 17:01:00,775 [DEBUG]  		computed prototypical cardinality in 0.0013112910091876984 secs.
2020-11-18 17:01:00,779 [DEBUG]  		computed all cardinalities in 0.0038501955568790436 secs.
2020-11-18 17:01:00,779 [DEBUG]  		average_cardinality: 291454.54545454547
2020-11-18 17:01:00,798 [DEBUG]  		computed expectation in 0.01877366378903389 secs.
2020-11-18 17:01:00,798 [DEBUG]  		average expectation: 737.0893758642911 for [('flights', 'distance')]
2020-11-18 17:01:00,799 [INFO ]  		total_time:                     0.028972335159778595 secs
2020-11-18 17:01:00,799 [INFO ]  		predicted: [(1997.0, 190843235.35936478), (2003.0, 228141263.57377112), (2000.0, 196815084.12902278), (2006.0, 251681725.6743716), (2009.0, 227273573.92425632), (2015.0, 204616130.00074953), (2012.0, 216114226.78038976), (1996.0, 185712094.54072708), (1999.0, 191727227.7922552), (2002.0, 186799787.81025827), (2008.0, 245132020.02659723), (2005.0, 250057683.65047324), (2011.0, 212818476.18370008), (2014.0, 201745855.51672602), (1998.0, 188237819.37711546), (1995.0, 185949682.8541805), (2001.0, 204766441.39413604), (2004.0, 249139804.09676045), (2010.0, 225979251.99259093), (2007.0, 260426407.23935005), (2013.0, 224394204.31935686), (2016.0, 197821961.1438028)]
2020-11-18 17:01:00,799 [INFO ]  Evaluating AQP query 4: SELECT year_date, SUM(distance) FROM flights WHERE unique_carrier='VX' GROUP BY year_date;
2020-11-18 17:01:00,806 [DEBUG]  		computed 22 group by statements in 0.003703419119119644 secs.
2020-11-18 17:01:00,808 [DEBUG]  		computed prototypical cardinality in 0.0012856163084506989 secs.
2020-11-18 17:01:00,812 [DEBUG]  		computed all cardinalities in 0.003832288086414337 secs.
2020-11-18 17:01:00,812 [DEBUG]  		average_cardinality: 103754.54545454546
2020-11-18 17:01:00,831 [DEBUG]  		computed expectation in 0.018731441348791122 secs.
2020-11-18 17:01:00,831 [DEBUG]  		average expectation: 736.8296644459977 for [('flights', 'distance')]
2020-11-18 17:01:00,831 [INFO ]  		total_time:                     0.028852496296167374 secs
2020-11-18 17:01:00,831 [INFO ]  		predicted: [(1997.0, 67913876.28470495), (2003.0, 81187026.93699843), (2000.0, 70039305.1668758), (2006.0, 89564060.27919646), (2009.0, 80878272.9278893), (2015.0, 72815521.27571733), (2012.0, 76907035.76759458), (1996.0, 66088269.14344882), (1999.0, 68228622.20357276), (2002.0, 66475201.751830585), (2008.0, 87233500.58704138), (2005.0, 88986512.88890128), (2011.0, 75734560.06276351), (2014.0, 71794106.63501452), (1998.0, 66986719.29562405), (1995.0, 66172823.222360454), (2001.0, 72868848.46181464), (2004.0, 88659698.11899574), (2010.0, 80417750.03056756), (2007.0, 92676356.9748845), (2013.0, 79853612.85004905), (2016.0, 70397485.66839105)]
2020-11-18 17:01:00,832 [INFO ]  Evaluating AQP query 5: SELECT origin_state_abr, SUM(air_time) FROM flights WHERE dest='ABE' GROUP BY origin_state_abr;
2020-11-18 17:01:00,842 [DEBUG]  		computed 53 group by statements in 0.007577713578939438 secs.
2020-11-18 17:01:00,844 [DEBUG]  		computed prototypical cardinality in 0.0012629590928554535 secs.
2020-11-18 17:01:00,849 [DEBUG]  		computed all cardinalities in 0.005141884088516235 secs.
2020-11-18 17:01:00,850 [DEBUG]  		average_cardinality: 14362.264150943394
2020-11-18 17:01:00,876 [DEBUG]  		computed expectation in 0.025909628719091415 secs.
2020-11-18 17:01:00,876 [DEBUG]  		average expectation: 1203.9286402673351 for [('flights', 'air_time')]
2020-11-18 17:01:00,876 [INFO ]  		total_time:                     0.04137352481484413 secs
2020-11-18 17:01:00,877 [INFO ]  		predicted: [('MT', 2493639.3030925673), ('OH', 16966777.47766224), ('WA', 18124033.301453486), ('MD', 14090135.05992758), ('MI', 25260942.770629194), ('TX', 104744811.17340215), ('KS', 1558475.5038624585), ('VI', 595815.1992875979), ('NY', 39548085.62289247), ('IN', 6890032.688598267), ('PR', 3761938.201608225), ('VT', 722605.8743723917), ('VA', 28443215.792974204), ('NH', 1958147.230100799), ('ID', 2905192.7208737712), ('ME', 1370391.483283818), ('WI', 6659161.896605243), ('NJ', 18866342.269359034), ('MN', 20576261.09155498), ('SD', 1267704.3807824485), ('PA', 26735182.36390096), ('NC', 28174833.93588954), ('DE', 14614.28395819433), ('NV', 25393714.93945067), ('TT', 24921.135021272115), ('FL', 61048563.52936562), ('AZ', 30283792.639499687), ('NM', 5370812.530165764), ('MO', 24124563.602519806), ('IA', 2760649.3257526895), ('WV', 467538.96898396226), ('GA', 53957555.63658649), ('LA', 9890350.471092338), ('SC', 4779447.485432617), ('CO', 31666052.623674493), ('CA', 110462668.6091784), ('CT', 4292613.212348653), ('HI', 10687178.837641444), ('NE', 3490828.317439909), ('AK', 6065739.100235279), ('RI', 3145263.9341745977), ('KY', 15500709.916322466), ('AL', 5287806.873673209), ('WY', 930749.3250904921), ('MS', 2222168.0494442373), ('UT', 17071292.439098265), ('OK', 6366009.447041355), ('TN', 17939786.824817088), ('ND', 1434658.3903289118), ('OR', 9620802.872741684), ('MA', 16707793.341276018), ('IL', 59958231.11042569), ('AR', 3863117.259127794)]
2020-11-18 17:01:00,877 [INFO ]  Evaluating AQP query 6: SELECT origin_state_abr, SUM(air_time) FROM flights WHERE dest='ACK' GROUP BY origin_state_abr;
2020-11-18 17:01:00,887 [DEBUG]  		computed 53 group by statements in 0.007105916738510132 secs.
2020-11-18 17:01:00,889 [DEBUG]  		computed prototypical cardinality in 0.001258019357919693 secs.
2020-11-18 17:01:00,894 [DEBUG]  		computed all cardinalities in 0.004908077418804169 secs.
2020-11-18 17:01:00,894 [DEBUG]  		average_cardinality: 694.3474644005878
2020-11-18 17:01:00,920 [DEBUG]  		computed expectation in 0.025713905692100525 secs.
2020-11-18 17:01:00,920 [DEBUG]  		average expectation: 1208.2287837970327 for [('flights', 'air_time')]
2020-11-18 17:01:00,920 [INFO ]  		total_time:                     0.04040663689374924 secs
2020-11-18 17:01:00,921 [INFO ]  		predicted: [('MT', 120899.41476850031), ('OH', 823409.1053689537), ('WA', 879760.4878455473), ('MD', 683642.8915966944), ('MI', 1225851.3687304703), ('TX', 5081780.522828939), ('KS', 75587.38640680417), ('VI', 28841.43654764214), ('NY', 1918821.459512663), ('IN', 334442.71508058644), ('PR', 182482.9669029387), ('VT', 35084.87876428266), ('VA', 1380104.360893139), ('NH', 95011.68239141793), ('ID', 140870.6921542096), ('ME', 66585.39475277148), ('WI', 323104.927952833), ('NJ', 914865.2165809197), ('MN', 998478.2296714474), ('SD', 61473.77660813681), ('PA', 1297488.2691645783), ('NC', 1366980.7090633807), ('DE', 1201.594483983026), ('NV', 1232251.039758646), ('TT', 1207.9235553959672), ('FL', 2962212.3729408286), ('AZ', 1468903.2112035966), ('NM', 260514.1057704267), ('MO', 1170011.0184378875), ('IA', 134019.29716065284), ('WV', 22673.040674184096), ('GA', 2617959.425354015), ('LA', 479976.95431504457), ('SC', 231795.6766262432), ('CO', 1536407.4539134584), ('CA', 5360036.594258106), ('CT', 208304.711098702), ('HI', 518710.4935453224), ('NE', 169404.57134766824), ('AK', 294380.844652241), ('RI', 152634.67609662624), ('KY', 752058.4203652153), ('AL', 256690.9678102406), ('WY', 45170.65573897101), ('MS', 107804.20061454253), ('UT', 828259.3475258797), ('OK', 308726.2892654623), ('TN', 870294.2712132789), ('ND', 69618.51320949245), ('OR', 466388.51784721453), ('MA', 810498.5461907224), ('IL', 2908561.1567749814), ('AR', 187316.13005402783)]
2020-11-18 17:01:00,921 [INFO ]  Evaluating AQP query 7: SELECT origin_state_abr, SUM(air_time) FROM flights WHERE dest='BLI' GROUP BY origin_state_abr;
2020-11-18 17:01:00,931 [DEBUG]  		computed 53 group by statements in 0.007222600281238556 secs.
2020-11-18 17:01:00,933 [DEBUG]  		computed prototypical cardinality in 0.0012470073997974396 secs.
2020-11-18 17:01:00,938 [DEBUG]  		computed all cardinalities in 0.004894562065601349 secs.
2020-11-18 17:01:00,938 [DEBUG]  		average_cardinality: 822.6470655039944
2020-11-18 17:01:00,964 [DEBUG]  		computed expectation in 0.02560371160507202 secs.
2020-11-18 17:01:00,964 [DEBUG]  		average expectation: 1199.2350019889493 for [('flights', 'air_time')]
2020-11-18 17:01:00,965 [INFO ]  		total_time:                     0.04038616269826889 secs
2020-11-18 17:01:00,965 [INFO ]  		predicted: [('MT', 142384.14007929957), ('OH', 967741.122664453), ('WA', 1033503.5188707241), ('MD', 803872.9363874998), ('MI', 1440921.262347545), ('TX', 5976385.592766795), ('KS', 88951.54022929622), ('VI', 34079.331120698625), ('NY', 2256333.379661798), ('IN', 392905.81763415906), ('PR', 214683.03149270665), ('VT', 41194.44422361662), ('VA', 1622669.0353350437), ('NH', 111711.61197123928), ('ID', 165860.26468542952), ('ME', 78060.89869213487), ('WI', 379910.21828847344), ('NJ', 1077033.1405288978), ('MN', 1173748.0982019329), ('SD', 72369.6721726945), ('PA', 1524890.2690421692), ('NC', 1607489.1753169918), ('DE', 1194.3890091738183), ('NV', 1448550.9743760857), ('TT', 1423.3981885459777), ('FL', 3482719.0249453643), ('AZ', 1728330.7244390585), ('NM', 306511.95418385044), ('MO', 1376999.2181355797), ('IA', 157404.50114874577), ('WV', 26689.128690254074), ('GA', 3078423.5458727344), ('LA', 564130.8831515114), ('SC', 272806.71299997775), ('CO', 1806625.010814922), ('CA', 6301528.220417352), ('CT', 244863.7402700205), ('HI', 609498.508866637), ('NE', 199117.74658806983), ('AK', 345965.7286816922), ('RI', 179406.901951646), ('KY', 884381.0248197347), ('AL', 301512.0813094377), ('WY', 53086.54432791627), ('MS', 126797.3135448373), ('UT', 973989.5090187915), ('OK', 363385.88424614444), ('TN', 1023673.267188881), ('ND', 81837.51361159996), ('OR', 549412.6350790238), ('MA', 953411.6346741299), ('IL', 3421482.290626713), ('AR', 220553.7994503394)]
2020-11-18 17:01:00,965 [INFO ]  Evaluating AQP query 8: SELECT origin_state_abr, SUM(air_time) FROM flights WHERE dest='CHO' GROUP BY origin_state_abr;
2020-11-18 17:01:00,975 [DEBUG]  		computed 53 group by statements in 0.0070373788475990295 secs.
2020-11-18 17:01:00,977 [DEBUG]  		computed prototypical cardinality in 0.0012418963015079498 secs.
2020-11-18 17:01:00,982 [DEBUG]  		computed all cardinalities in 0.004921760410070419 secs.
2020-11-18 17:01:00,982 [DEBUG]  		average_cardinality: 3784.905660377358
2020-11-18 17:01:01,008 [DEBUG]  		computed expectation in 0.025532793253660202 secs.
2020-11-18 17:01:01,008 [DEBUG]  		average expectation: 1205.559548970321 for [('flights', 'air_time')]
2020-11-18 17:01:01,009 [INFO ]  		total_time:                     0.0401594452559948 secs
2020-11-18 17:01:01,009 [INFO ]  		predicted: [('MT', 657865.5243544689), ('OH', 4477799.8818715215), ('WA', 4783608.673931395), ('MD', 3718276.094085146), ('MI', 6666597.121744626), ('TX', 27640589.615901433), ('KS', 411210.14094468276), ('VI', 157092.2686433446), ('NY', 10436383.418297911), ('IN', 1818522.1645618558), ('PR', 992656.0707574727), ('VT', 190740.84047019284), ('VA', 7506066.88993956), ('NH', 516747.61546365084), ('ID', 766477.468340841), ('ME', 361832.0250749464), ('WI', 1757315.748524603), ('NJ', 4977613.402381649), ('MN', 5430189.523855616), ('SD', 334466.32163694233), ('PA', 7055860.464292001), ('NC', 7435032.197214087), ('DE', 3842.3728666298084), ('NV', 6701547.118606722), ('TT', 6573.945855224979), ('FL', 16110612.01031601), ('AZ', 7990737.392825248), ('NM', 1417162.838298764), ('MO', 6365259.778931262), ('IA', 728668.0314968606), ('WV', 123355.87463388746), ('GA', 14238931.939821832), ('LA', 2610201.947902996), ('SC', 1261052.8219752295), ('CO', 8356410.625871386), ('CA', 29151203.23492901), ('CT', 1132849.6088016569), ('HI', 2820627.6123585575), ('NE', 921268.7281716932), ('AK', 1600857.4538264477), ('RI', 830070.0348625687), ('KY', 4090465.0407935847), ('AL', 1395680.586427492), ('WY', 245640.9942004199), ('MS', 586384.2971253322), ('UT', 4504924.130675448), ('OK', 1679634.4230386077), ('TN', 4733898.404499915), ('ND', 378615.67329269176), ('OR', 2538015.554564001), ('MA', 4408742.983602605), ('IL', 15821332.957073113), ('AR', 1019199.3503986376)]
2020-11-18 17:01:01,009 [INFO ]  Evaluating AQP query 9: SELECT origin_state_abr, SUM(air_time) FROM flights WHERE dest='FAT' GROUP BY origin_state_abr;
2020-11-18 17:01:01,019 [DEBUG]  		computed 53 group by statements in 0.007002778351306915 secs.
2020-11-18 17:01:01,021 [DEBUG]  		computed prototypical cardinality in 0.001246616244316101 secs.
2020-11-18 17:01:01,026 [DEBUG]  		computed all cardinalities in 0.00491124764084816 secs.
2020-11-18 17:01:01,026 [DEBUG]  		average_cardinality: 25916.981132075474
2020-11-18 17:01:01,052 [DEBUG]  		computed expectation in 0.025381825864315033 secs.
2020-11-18 17:01:01,052 [DEBUG]  		average expectation: 1204.107332823303 for [('flights', 'air_time')]
2020-11-18 17:01:01,052 [INFO ]  		total_time:                     0.039973899722099304 secs
2020-11-18 17:01:01,053 [INFO ]  		predicted: [('MT', 4500355.364020721), ('OH', 30621769.97138614), ('WA', 32710687.325010233), ('MD', 25429734.19945194), ('MI', 45591020.24425524), ('TX', 189041824.47901148), ('KS', 2812676.426684509), ('VI', 1075217.2286785985), ('NY', 71375953.0294481), ('IN', 12435284.310698092), ('PR', 6789440.816195247), ('VT', 1304189.9522510667), ('VA', 51334124.196620554), ('NH', 3534050.394183386), ('ID', 5243127.509105447), ('ME', 2473416.1881762478), ('WI', 12018399.8719541), ('NJ', 34048984.9436002), ('MN', 37136036.12453337), ('SD', 2287886.92059059), ('PA', 48251880.4279605), ('NC', 50849593.13477983), ('DE', 26365.04212552036), ('NV', 45830580.44200449), ('TT', 44975.50374496659), ('FL', 110180115.54613094), ('AZ', 54655196.02275745), ('NM', 9693074.11353002), ('MO', 43539002.25792944), ('IA', 4982507.964582233), ('WV', 843791.6336449564), ('GA', 97382021.57491206), ('LA', 17850167.273147795), ('SC', 8625744.340494782), ('CO', 57150564.47595038), ('CA', 199362643.57237607), ('CT', 7747312.214258077), ('HI', 19288386.830770735), ('NE', 6300261.78909343), ('AK', 10947502.407000057), ('RI', 5676585.436977232), ('KY', 27975487.49571467), ('AL', 9543583.181512332), ('WY', 1679824.7004771743), ('MS', 4010525.2497971207), ('UT', 30810055.065798525), ('OK', 11489080.660154354), ('TN', 32377344.00853598), ('ND', 2589272.490762519), ('OR', 17362898.98899632), ('MA', 30153823.0292622), ('IL', 108211132.42769666), ('AR', 6971929.90610458)]
2020-11-18 17:01:01,053 [INFO ]  Evaluating AQP query 10: SELECT unique_carrier, AVG(dep_delay) FROM flights WHERE year_date=2005 AND origin='ATW' GROUP BY unique_carrier;
2020-11-18 17:01:01,061 [DEBUG]  		computed 26 group by statements in 0.004461880773305893 secs.
2020-11-18 17:01:01,089 [DEBUG]  		computed expectation in 0.027240421622991562 secs.
2020-11-18 17:01:01,089 [DEBUG]  		average expectation: 1205.771857533806 for [('flights', 'dep_delay')]
2020-11-18 17:01:01,089 [INFO ]  		total_time:                     0.032415203750133514 secs
2020-11-18 17:01:01,089 [INFO ]  		predicted: [('AA', 1205.7716766861881), ('OO', 1205.7717105594195), ('VX', 1205.7717301598877), ('TZ', 1205.772615446587), ('US', 1205.7713228031744), ('OH (1)', 1205.7714229268656), ('AS', 1205.7721176869043), ('B6', 1205.7717098605535), ('TW', 1205.7728739805643), ('AQ', 1205.7735522412686), ('NW', 1205.7711530757147), ('FL', 1205.770489293997), ('HP', 1205.7712752617185), ('CO', 1205.7718390929538), ('EV', 1205.77267136213), ('YV', 1205.7709263073702), ('UA', 1205.771175978625), ('9E', 1205.7725959351874), ('MQ', 1205.7712990077337), ('DL', 1205.7715366941538), ('NK', 1205.773319652048), ('HA', 1205.7718573777777), ('XE', 1205.7715301546255), ('DH', 1205.7716399150918), ('F9', 1205.7726296990415), ('WN', 1205.7716247193766)]
2020-11-18 17:01:01,089 [INFO ]  Evaluating AQP query 11: SELECT unique_carrier, AVG(dep_delay) FROM flights WHERE year_date=2006 AND origin='BQK' GROUP BY unique_carrier;
2020-11-18 17:01:01,096 [DEBUG]  		computed 26 group by statements in 0.0029444098472595215 secs.
2020-11-18 17:01:01,107 [DEBUG]  		computed expectation in 0.010789718478918076 secs.
2020-11-18 17:01:01,107 [DEBUG]  		average expectation: 1205.7739056421992 for [('flights', 'dep_delay')]
2020-11-18 17:01:01,107 [INFO ]  		total_time:                     0.014098946005105972 secs
2020-11-18 17:01:01,108 [INFO ]  		predicted: [('AA', 1205.7737221766395), ('OO', 1205.7737565443074), ('VX', 1205.7737764308358), ('TZ', 1205.774674606365), ('US', 1205.7733631226997), ('OH (1)', 1205.7734647103957), ('AS', 1205.7741696074315), ('B6', 1205.7737558352412), ('TW', 1205.7749368926718), ('AQ', 1205.7756249725387), ('NW', 1205.7731909116878), ('FL', 1205.7725173953247), ('HP', 1205.773314885818), ('CO', 1205.7738869531831), ('EV', 1205.7747313339053), ('YV', 1205.7729608215918), ('UA', 1205.7732141498595), ('9E', 1205.7746548115656), ('MQ', 1205.7733389792068), ('DL', 1205.7735801402262), ('NK', 1205.7753890202125), ('HA', 1205.7739055046818), ('XE', 1205.77357350516), ('DH', 1205.7736848687043), ('F9', 1205.7746890658145), ('WN', 1205.7736694511088)]
2020-11-18 17:01:01,108 [INFO ]  Evaluating AQP query 12: SELECT unique_carrier, AVG(dep_delay) FROM flights WHERE year_date=2007 AND origin='DEN' GROUP BY unique_carrier;
2020-11-18 17:01:01,111 [DEBUG]  		computed 26 group by statements in 0.0017017647624015808 secs.
2020-11-18 17:01:01,122 [DEBUG]  		computed expectation in 0.010821044445037842 secs.
2020-11-18 17:01:01,122 [DEBUG]  		average expectation: 1205.7708799954746 for [('flights', 'dep_delay')]
2020-11-18 17:01:01,122 [INFO ]  		total_time:                     0.012894164770841599 secs
2020-11-18 17:01:01,122 [INFO ]  		predicted: [('AA', 1205.770700407709), ('OO', 1205.7707340430557), ('VX', 1205.770753505894), ('TZ', 1205.771632591042), ('US', 1205.7703490124588), ('OH (1)', 1205.7704484318224), ('AS', 1205.7711383146823), ('B6', 1205.7707333490973), ('TW', 1205.7718893193965), ('AQ', 1205.772562854765), ('NW', 1205.7701804798023), ('FL', 1205.7695213809845), ('HP', 1205.770301805566), ('CO', 1205.7708616743125), ('EV', 1205.7716881158578), ('YV', 1205.7699553094571), ('UA', 1205.770203221425), ('9E', 1205.7716132160112), ('MQ', 1205.7703253844627), ('DL', 1205.7705613992537), ('NK', 1205.7723318840492), ('HA', 1205.7708798308306), ('XE', 1205.7705549056898), ('DH', 1205.770663894895), ('F9', 1205.7716467438918), ('WN', 1205.7706488059303)]
2020-11-18 17:01:01,122 [INFO ]  Evaluating AQP query 13: SELECT unique_carrier, AVG(dep_delay) FROM flights WHERE year_date=2008 AND origin='MKE' GROUP BY unique_carrier;
2020-11-18 17:01:01,125 [DEBUG]  		computed 26 group by statements in 0.001670990139245987 secs.
2020-11-18 17:01:01,152 [DEBUG]  		computed expectation in 0.026401709765195847 secs.
2020-11-18 17:01:01,152 [DEBUG]  		average expectation: 1205.77074196276 for [('flights', 'dep_delay')]
2020-11-18 17:01:01,152 [INFO ]  		total_time:                     0.02866189554333687 secs
2020-11-18 17:01:01,153 [INFO ]  		predicted: [('AA', 1205.770562553429), ('OO', 1205.770596155087), ('VX', 1205.770615598434), ('TZ', 1205.7714938053), ('US', 1205.77021151049), ('OH (1)', 1205.7703108301093), ('AS', 1205.7710000222646), ('B6', 1205.7705954618236), ('TW', 1205.771750277928), ('AQ', 1205.7724231440397), ('NW', 1205.7700431470362), ('FL', 1205.7693847113728), ('HP', 1205.770164350977), ('CO', 1205.7707236585638), ('EV', 1205.7715492747784), ('YV', 1205.7698182029899), ('UA', 1205.7700658658182), ('9E', 1205.7714744495827), ('MQ', 1205.770187906207), ('DL', 1205.7704236842674), ('NK', 1205.7721924025584), ('HA', 1205.7707417969111), ('XE', 1205.7704171972127), ('DH', 1205.7705260771932), ('F9', 1205.771507944043), ('WN', 1205.770511003346)]
2020-11-18 17:01:01,153 [INFO ]  Evaluating AQP query 14: SELECT unique_carrier, AVG(dep_delay) FROM flights WHERE year_date=2009 AND origin='PHX' GROUP BY unique_carrier;
2020-11-18 17:01:01,161 [DEBUG]  		computed 26 group by statements in 0.004422299563884735 secs.
2020-11-18 17:01:01,188 [DEBUG]  		computed expectation in 0.026804093271493912 secs.
2020-11-18 17:01:01,188 [DEBUG]  		average expectation: 1205.770135634217 for [('flights', 'dep_delay')]
2020-11-18 17:01:01,188 [INFO ]  		total_time:                     0.03193647786974907 secs
2020-11-18 17:01:01,189 [INFO ]  		predicted: [('AA', 1205.769957010265), ('OO', 1205.7699904636509), ('VX', 1205.7700098212124), ('TZ', 1205.7708841624872), ('US', 1205.769607517915), ('OH (1)', 1205.7697063985415), ('AS', 1205.7703925507399), ('B6', 1205.7699897734458), ('TW', 1205.771139509561), ('AQ', 1205.7718094299498), ('NW', 1205.7694398991468), ('FL', 1205.76878438208), ('HP', 1205.7695605669262), ('CO', 1205.7701174047354), ('EV', 1205.7709393884038), ('YV', 1205.7692159510675), ('UA', 1205.7694625174036), ('9E', 1205.7708648917762), ('MQ', 1205.769584017996), ('DL', 1205.7698187541612), ('NK', 1205.7715796974487), ('HA', 1205.7701354631083), ('XE', 1205.7698122957552), ('DH', 1205.7699206950153), ('F9', 1205.7708982391416), ('WN', 1205.7699056877052)]
2020-11-18 17:01:01,189 [INFO ]  Evaluating AQP query 15: SELECT dest_state_abr, AVG(taxi_out) FROM flights WHERE distance>=1500 AND distance<=2500 unique_carrier = 'AQ'  GROUP BY dest_state_abr;
2020-11-18 17:01:02,547 [DEBUG]  		computed 53 group by statements in 1.3534095622599125 secs.
2020-11-18 17:01:02,689 [DEBUG]  		computed expectation in 0.14188844338059425 secs.
2020-11-18 17:01:02,689 [DEBUG]  		average expectation: 17.10686227484025 for [('flights', 'taxi_out')]
2020-11-18 17:01:02,689 [INFO ]  		total_time:                     1.4962048269808292 secs
2020-11-18 17:01:02,690 [INFO ]  		predicted: [('MT', 17.106862274840246), ('OH', 17.106862274840246), ('WA', 17.106862274840246), ('MI', 17.10686227484025), ('MD', 17.106862274840246), ('TX', 17.106862274840246), ('KS', 17.10686227484025), ('VI', 17.106862274840246), ('NY', 17.106862274840246), ('IN', 17.106862274840246), ('PR', 17.106862274840246), ('VT', 17.106862274840246), ('VA', 17.106862274840246), ('NH', 17.10686227484025), ('ID', 17.106862274840246), ('ME', 17.106862274840246), ('WI', 17.106862274840246), ('NJ', 17.106862274840246), ('MN', 17.106862274840246), ('SD', 17.106862274840246), ('PA', 17.106862274840243), ('NC', 17.10686227484025), ('DE', 17.106862274840246), ('NV', 17.106862274840243), ('TT', 17.106862274840246), ('FL', 17.106862274840246), ('AZ', 17.106862274840243), ('NM', 17.106862274840246), ('WV', 17.106862274840246), ('IA', 17.10686227484025), ('MO', 17.106862274840243), ('GA', 17.10686227484025), ('LA', 17.106862274840246), ('CO', 17.106862274840243), ('SC', 17.106862274840246), ('CA', 17.10686227484025), ('CT', 17.106862274840246), ('HI', 17.106862274840246), ('NE', 17.106862274840246), ('AK', 17.106862274840246), ('RI', 17.10686227484025), ('WY', 17.106862274840246), ('AL', 17.106862274840246), ('KY', 17.106862274840246), ('UT', 17.10686227484025), ('MS', 17.106862274840246), ('OK', 17.106862274840246), ('TN', 17.10686227484025), ('ND', 17.106862274840246), ('OR', 17.10686227484025), ('MA', 17.106862274840246), ('IL', 17.106862274840246), ('AR', 17.106862274840243)]
2020-11-18 17:01:02,690 [INFO ]  Evaluating AQP query 16: SELECT dest_state_abr, AVG(taxi_out) FROM flights WHERE distance>=2000 AND distance<=3000 unique_carrier = 'F9'  GROUP BY dest_state_abr;
2020-11-18 17:01:04,055 [DEBUG]  		computed 53 group by statements in 1.3604181855916977 secs.
2020-11-18 17:01:04,198 [DEBUG]  		computed expectation in 0.14304465800523758 secs.
2020-11-18 17:01:04,199 [DEBUG]  		average expectation: 17.10686227484025 for [('flights', 'taxi_out')]
2020-11-18 17:01:04,199 [INFO ]  		total_time:                     1.504576813429594 secs
2020-11-18 17:01:04,199 [INFO ]  		predicted: [('MT', 17.106862274840243), ('OH', 17.106862274840246), ('WA', 17.106862274840246), ('MI', 17.106862274840243), ('MD', 17.106862274840246), ('TX', 17.106862274840246), ('KS', 17.106862274840246), ('VI', 17.106862274840246), ('NY', 17.10686227484025), ('IN', 17.106862274840246), ('PR', 17.106862274840246), ('VT', 17.106862274840246), ('VA', 17.106862274840246), ('NH', 17.106862274840246), ('ID', 17.10686227484025), ('ME', 17.106862274840246), ('WI', 17.106862274840246), ('NJ', 17.106862274840246), ('MN', 17.106862274840246), ('SD', 17.106862274840243), ('PA', 17.106862274840246), ('NC', 17.10686227484025), ('DE', 17.106862274840246), ('NV', 17.106862274840246), ('TT', 17.106862274840246), ('FL', 17.106862274840243), ('AZ', 17.10686227484025), ('NM', 17.106862274840246), ('WV', 17.10686227484025), ('IA', 17.10686227484025), ('MO', 17.106862274840246), ('GA', 17.106862274840243), ('LA', 17.106862274840243), ('CO', 17.106862274840246), ('SC', 17.106862274840246), ('CA', 17.106862274840246), ('CT', 17.106862274840246), ('HI', 17.106862274840246), ('NE', 17.106862274840246), ('AK', 17.106862274840246), ('RI', 17.106862274840246), ('WY', 17.106862274840246), ('AL', 17.106862274840246), ('KY', 17.106862274840243), ('UT', 17.106862274840246), ('MS', 17.106862274840246), ('OK', 17.106862274840246), ('TN', 17.106862274840246), ('ND', 17.106862274840243), ('OR', 17.106862274840243), ('MA', 17.106862274840246), ('IL', 17.106862274840246), ('AR', 17.106862274840246)]
2020-11-18 17:01:04,199 [INFO ]  Evaluating AQP query 17: SELECT dest_state_abr, AVG(taxi_out) FROM flights WHERE distance>=1500 AND distance<=2500 unique_carrier = 'NW'  GROUP BY dest_state_abr;
2020-11-18 17:01:05,558 [DEBUG]  		computed 53 group by statements in 1.3537715934216976 secs.
2020-11-18 17:01:05,699 [DEBUG]  		computed expectation in 0.14116676896810532 secs.
2020-11-18 17:01:05,700 [DEBUG]  		average expectation: 17.10686227484025 for [('flights', 'taxi_out')]
2020-11-18 17:01:05,700 [INFO ]  		total_time:                     1.4958184212446213 secs
2020-11-18 17:01:05,700 [INFO ]  		predicted: [('MT', 17.106862274840243), ('OH', 17.106862274840246), ('WA', 17.106862274840246), ('MI', 17.10686227484025), ('MD', 17.106862274840246), ('TX', 17.106862274840246), ('KS', 17.106862274840246), ('VI', 17.106862274840246), ('NY', 17.106862274840246), ('IN', 17.106862274840246), ('PR', 17.106862274840246), ('VT', 17.106862274840246), ('VA', 17.10686227484025), ('NH', 17.106862274840243), ('ID', 17.106862274840246), ('ME', 17.106862274840246), ('WI', 17.106862274840243), ('NJ', 17.106862274840246), ('MN', 17.106862274840246), ('SD', 17.10686227484025), ('PA', 17.106862274840246), ('NC', 17.106862274840243), ('DE', 17.106862274840246), ('NV', 17.106862274840246), ('TT', 17.106862274840243), ('FL', 17.106862274840243), ('AZ', 17.10686227484025), ('NM', 17.106862274840246), ('WV', 17.10686227484025), ('IA', 17.106862274840246), ('MO', 17.106862274840243), ('GA', 17.106862274840243), ('LA', 17.106862274840246), ('CO', 17.106862274840246), ('SC', 17.106862274840246), ('CA', 17.106862274840246), ('CT', 17.106862274840246), ('HI', 17.106862274840246), ('NE', 17.106862274840246), ('AK', 17.106862274840243), ('RI', 17.106862274840246), ('WY', 17.106862274840246), ('AL', 17.106862274840246), ('KY', 17.106862274840243), ('UT', 17.106862274840243), ('MS', 17.106862274840246), ('OK', 17.106862274840246), ('TN', 17.106862274840246), ('ND', 17.10686227484025), ('OR', 17.106862274840246), ('MA', 17.106862274840246), ('IL', 17.106862274840246), ('AR', 17.106862274840246)]
2020-11-18 17:01:05,700 [INFO ]  Evaluating AQP query 18: SELECT dest_state_abr, AVG(taxi_out) FROM flights WHERE distance>=2000 AND distance<=3000 unique_carrier = 'TZ'  GROUP BY dest_state_abr;
2020-11-18 17:01:07,050 [DEBUG]  		computed 53 group by statements in 1.3454080782830715 secs.
2020-11-18 17:01:07,193 [DEBUG]  		computed expectation in 0.14235932379961014 secs.
2020-11-18 17:01:07,194 [DEBUG]  		average expectation: 17.10686227484025 for [('flights', 'taxi_out')]
2020-11-18 17:01:07,194 [INFO ]  		total_time:                     1.4890380837023258 secs
2020-11-18 17:01:07,194 [INFO ]  		predicted: [('MT', 17.106862274840243), ('OH', 17.106862274840246), ('WA', 17.106862274840246), ('MI', 17.106862274840246), ('MD', 17.106862274840246), ('TX', 17.106862274840246), ('KS', 17.106862274840243), ('VI', 17.106862274840246), ('NY', 17.106862274840246), ('IN', 17.106862274840246), ('PR', 17.106862274840243), ('VT', 17.106862274840246), ('VA', 17.10686227484025), ('NH', 17.106862274840246), ('ID', 17.106862274840243), ('ME', 17.106862274840246), ('WI', 17.10686227484025), ('NJ', 17.106862274840243), ('MN', 17.10686227484025), ('SD', 17.106862274840246), ('PA', 17.106862274840246), ('NC', 17.106862274840246), ('DE', 17.106862274840246), ('NV', 17.106862274840246), ('TT', 17.106862274840246), ('FL', 17.106862274840246), ('AZ', 17.10686227484025), ('NM', 17.106862274840246), ('WV', 17.106862274840246), ('IA', 17.10686227484025), ('MO', 17.106862274840246), ('GA', 17.106862274840246), ('LA', 17.106862274840243), ('CO', 17.106862274840246), ('SC', 17.10686227484025), ('CA', 17.106862274840246), ('CT', 17.106862274840246), ('HI', 17.10686227484025), ('NE', 17.106862274840243), ('AK', 17.106862274840246), ('RI', 17.106862274840243), ('WY', 17.106862274840246), ('AL', 17.106862274840243), ('KY', 17.106862274840243), ('UT', 17.106862274840246), ('MS', 17.106862274840246), ('OK', 17.106862274840246), ('TN', 17.10686227484025), ('ND', 17.10686227484025), ('OR', 17.10686227484025), ('MA', 17.10686227484025), ('IL', 17.106862274840246), ('AR', 17.106862274840246)]
2020-11-18 17:01:07,195 [INFO ]  Evaluating AQP query 19: SELECT dest_state_abr, AVG(taxi_out) FROM flights WHERE distance>=1500 AND distance<=2500 unique_carrier = 'UA'  GROUP BY dest_state_abr;
2020-11-18 17:01:08,561 [DEBUG]  		computed 53 group by statements in 1.3614803478121758 secs.
2020-11-18 17:01:08,702 [DEBUG]  		computed expectation in 0.14138318225741386 secs.
2020-11-18 17:01:08,703 [DEBUG]  		average expectation: 17.10686227484025 for [('flights', 'taxi_out')]
2020-11-18 17:01:08,703 [INFO ]  		total_time:                     1.5038923434913158 secs
2020-11-18 17:01:08,703 [INFO ]  		predicted: [('MT', 17.106862274840243), ('OH', 17.106862274840246), ('WA', 17.106862274840246), ('MI', 17.10686227484025), ('MD', 17.106862274840246), ('TX', 17.10686227484025), ('KS', 17.106862274840246), ('VI', 17.106862274840243), ('NY', 17.106862274840246), ('IN', 17.106862274840243), ('PR', 17.10686227484025), ('VT', 17.106862274840246), ('VA', 17.106862274840243), ('NH', 17.106862274840246), ('ID', 17.10686227484025), ('ME', 17.10686227484025), ('WI', 17.106862274840243), ('NJ', 17.106862274840243), ('MN', 17.106862274840246), ('SD', 17.106862274840246), ('PA', 17.106862274840246), ('NC', 17.10686227484025), ('DE', 17.106862274840246), ('NV', 17.106862274840246), ('TT', 17.106862274840246), ('FL', 17.106862274840243), ('AZ', 17.106862274840243), ('NM', 17.106862274840246), ('WV', 17.106862274840246), ('IA', 17.106862274840246), ('MO', 17.106862274840246), ('GA', 17.106862274840246), ('LA', 17.106862274840243), ('CO', 17.106862274840246), ('SC', 17.106862274840246), ('CA', 17.106862274840246), ('CT', 17.106862274840246), ('HI', 17.106862274840246), ('NE', 17.10686227484025), ('AK', 17.106862274840246), ('RI', 17.10686227484025), ('WY', 17.106862274840246), ('AL', 17.10686227484025), ('KY', 17.106862274840246), ('UT', 17.106862274840246), ('MS', 17.10686227484025), ('OK', 17.106862274840243), ('TN', 17.106862274840246), ('ND', 17.106862274840243), ('OR', 17.10686227484025), ('MA', 17.106862274840246), ('IL', 17.106862274840246), ('AR', 17.106862274840246)]
2020-11-18 17:01:08,704 [INFO ]  Saving results to ../ssb-benchmark/results


starting evaluating ....
opening ensemble ...
opeing ensemble took 0.19033527374267578 seconds
buil_reverse_spn_dict took 0.0003249645233154297


diff is 0.1912674903869629


Traceback (most recent call last):
  File "maqp.py", line 228, in <module>
    evaluate_aqp_queries(args.ensemble_location, args.query_file_location, args.target_path, schema,
  File "/home/meghdad/deepdb-public-new/deepdb-public/evaluation/aqp_evaluation.py", line 188, in evaluate_aqp_queries
    save_csv(csv_rows, target_path)
  File "/home/meghdad/deepdb-public-new/deepdb-public/evaluation/utils.py", line 355, in save_csv
    w = csv.DictWriter(f, csv_rows[0].keys())
IndexError: list index out of range
